android/build/outputs/mapping/release/seeds.txt
com.mygdx.tanks2d.AndroidLauncher
com.mygdx.tanks2d.AndroidLauncher: AndroidLauncher()
...
com.badlogic.gdx.utils.LongMap: java.lang.String toString()
com.badlogic.gdx.utils.BufferUtils: void copyJni(float[],java.nio.Buffer,int,int)
com.google.android.gms.ads.mediation.customevent.CustomEventNative: void onDestroy()
com.badlogic.gdx.utils.ObjectFloatMap: void resize(int)
com.esotericsoftware.kryonet.Connection: void addListener(com.esotericsoftware.kryonet.Listener)
com.badlogic.gdx.graphics.g2d.ParticleEmitter$SpawnShape: com.badlogic.gdx.graphics.g2d.ParticleEmitter$SpawnShape[] values()
com.google.android.gms.ads.BaseAdView: java.lang.String getAdUnitId()
com.badlogic.gdx.utils.ObjectMap: java.lang.Object get(java.lang.Object,java.lang.Object)
com.badlogic.gdx.graphics.Pixmap$Filter: com.badlogic.gdx.graphics.Pixmap$Filter[] values()
com.badlogic.gdx.utils.Array: boolean contains(java.lang.Object,boolean)
com.esotericsoftware.kryo.serializers.DefaultArraySerializers$ObjectArraySerializer: java.lang.Object[] read(com.esotericsoftware.kryo.Kryo,com.esotericsoftware.kryo.io.Input,java.lang.Class)
com.badlogic.gdx.graphics.glutils.ShaderProgram: void fetchUniforms()
com.badlogic.gdx.graphics.Mesh$VertexDataType: com.badlogic.gdx.graphics.Mesh$VertexDataType valueOf(java.lang.String)
com.badlogic.gdx.utils.LongMap$Entries: com.badlogic.gdx.utils.LongMap$Entry next()
com.google.android.gms.ads.formats.UnifiedNativeAdView: void setPriceView(android.view.View)
com.google.android.gms.internal.ads.zzsm: com.google.android.gms.internal.ads.zzp zzc(com.google.android.gms.internal.ads.zzr)
com.esotericsoftware.kryo.util.ObjectMap: void putResize(java.lang.Object,java.lang.Object)
com.google.ads.mediation.AdUrlAdapter: java.lang.String getAdUnitId(android.os.Bundle)
com.badlogic.gdx.maps.tiled.TiledMapTileLayer: com.badlogic.gdx.maps.tiled.TiledMapTileLayer$Cell getCell(int,int)
com.badlogic.gdx.utils.Array: java.lang.String toString()
com.google.android.gms.common.util.CrashUtils: boolean isSystemClassPrefixInternal(java.lang.String)
com.google.android.gms.internal.ads.zzayw: com.google.android.gms.internal.ads.zzayw[] values()
com.google.android.gms.ads.internal.ClientApi: com.google.android.gms.internal.ads.zzks createSearchAdManager(com.google.android.gms.dynamic.IObjectWrapper,com.google.android.gms.internal.ads.zzjn,java.lang.String,int)
com.google.android.gms.internal.ads.zzbef: void zza(java.lang.StringBuilder,int)
com.google.android.gms.internal.ads.zzbfu: zzbfu()
com.google.ads.mediation.AbstractAdViewAdapter: android.view.View getBannerView()
com.google.android.gms.internal.ads.zzis: com.google.android.gms.internal.ads.zzis[] zzht()
com.google.android.gms.ads.mediation.MediationNativeAdapter: void requestNativeAd(android.content.Context,com.google.android.gms.ads.mediation.MediationNativeListener,android.os.Bundle,com.google.android.gms.ads.mediation.NativeMediationAdRequest,android.os.Bundle)
com.badlogic.gdx.utils.Array: void sort(java.util.Comparator)
com.google.android.gms.ads.formats.UnifiedNativeAdView: void setClickConfirmingView(android.view.View)
com.google.android.gms.internal.ads.zzbfe: java.lang.Object clone()
com.badlogic.gdx.utils.ObjectMap$MapIterator: void findNextIndex()
com.google.android.gms.ads.mediation.customevent.CustomEventAdapter: void onResume()
com.google.android.gms.internal.ads.zzcg: com.google.android.gms.internal.ads.zzba zza(android.content.Context,android.view.View,android.app.Activity)
com.badlogic.gdx.utils.ArrayMap: int hashCode()
com.google.android.gms.internal.ads.zzaov: int getDuration()
com.google.android.gms.internal.ads.zzly: void zza(com.google.android.gms.internal.ads.zzlw)
android.support.v4.util.SimpleArrayMap: java.lang.Object put(java.lang.Object,java.lang.Object)
com.google.ads.mediation.AbstractAdViewAdapter: void requestBannerAd(android.content.Context,com.google.android.gms.ads.mediation.MediationBannerListener,android.os.Bundle,com.google.android.gms.ads.AdSize,com.google.android.gms.ads.mediation.MediationAdRequest,android.os.Bundle)