android/build/outputs/mapping/release/mapping.txt
# compiler: R8
# compiler_version: 3.2.60
# min_api: 14
# common_typos_disable
# {"id":"com.android.tools.r8.mapping","version":"2.0"}
# pg_map_id: 45f42dc
# pg_map_hash: SHA-256 45f42dc6d6cf48f74aa7ae4532650edeb02b2cfe39e01ac26fc58f0ed8a9554f
com.mygdx.tanks2d.Assets.AssetsManagerGame -> c2.a:
    com.badlogic.gdx.assets.AssetManager assetManager -> b
    java.util.HashMap assets -> a
    java.lang.Object get(java.lang.String) -> a
    java.lang.Object get(java.lang.String,java.lang.Class) -> b
    com.badlogic.gdx.assets.AssetManager loadAllAsseGame() -> c
    com.badlogic.gdx.assets.AssetManager loadAllAssetMenu() -> d
    void loadedAseets() -> e
com.mygdx.tanks2d.AudioEngine.AudioEngine -> d2.a:
    com.badlogic.gdx.audio.Sound track -> c
    java.lang.Long idTower -> k
    float timer_towr_ratation -> l
    boolean timerTower -> m
    com.badlogic.gdx.audio.Sound tower -> d
    com.badlogic.gdx.audio.Sound sound -> b
    java.lang.Long idTrack -> j
    com.badlogic.gdx.math.Vector2 tempV -> o
    com.badlogic.gdx.audio.Sound redy_for_action -> i
    com.badlogic.gdx.audio.Sound loose -> g
    com.badlogic.gdx.audio.Sound music_pause -> h
    com.badlogic.gdx.audio.Sound explosion -> e
    com.badlogic.gdx.audio.Sound fight -> f
    com.mygdx.tanks2d.MainGame mainGaming -> a
    long pause_music_id -> n
    float countVolmeDistantion(float,float,float,float) -> a
    boolean isPause() -> b
    void playMusicPaseMenu() -> c
    void pleySoundKickExplosion(float,float,float,float) -> d
    void pleySoundKickStick(float,float,float,float) -> e
    void pleySoundOfTower() -> f
    void pleySoundOfTracks() -> g
    void pley_fight_ad_sound() -> h
    void pley_lose_ad_sound() -> i
    void rady_for_action() -> j
    void stopMusicPaseMenu() -> k
    void stopSoundOfTower() -> l
    void stopSoundOfTracks() -> m
    void update_volme_pause(float) -> n
com.mygdx.tanks2d.CameraGame -> b2.a:
    com.badlogic.gdx.utils.viewport.FillViewport viewport -> c
    int wl -> h
    com.mygdx.tanks2d.Units.Tanks.OpponentsTanks targetCamera -> a
    com.badlogic.gdx.graphics.OrthographicCamera camera -> b
    int hl -> g
    int sizeMap -> e
    boolean floatCamera -> d
    com.badlogic.gdx.math.Vector2 targetPoint -> f
    void createNewTargetDeathRhim(com.mygdx.tanks2d.Units.Tanks.OpponentsTanks) -> a
    void deathStatus(com.mygdx.tanks2d.Units.Tanks.Tank) -> b
    void fixBounds() -> c
    com.badlogic.gdx.graphics.OrthographicCamera getCamera() -> d
    com.badlogic.gdx.math.Vector3 getCameraPosition() -> e
    com.badlogic.gdx.utils.viewport.FillViewport getViewport() -> f
    void integrationCamera() -> g
    void jampCameraToPoint(float,float) -> h
    void moveFloatCameraToPoint(float,float,float) -> i
    void setTargetCamera(com.mygdx.tanks2d.Units.Tanks.OpponentsTanks) -> j
com.mygdx.tanks2d.ClientNetWork.ClientThread -> e2.a:
    com.mygdx.tanks2d.ClientNetWork.VoiceChat.VoiceChatClient voiceChatClient -> b
    com.esotericsoftware.kryonet.Client client -> a
    com.mygdx.tanks2d.ClientNetWork.VoiceChat.VoiceChatClient getVoiceChatClient() -> a
com.mygdx.tanks2d.ClientNetWork.Heading_type -> e2.b:
    java.util.HashMap domen -> a
    java.lang.String getDomenTip(int) -> a
com.mygdx.tanks2d.ClientNetWork.MainClient -> e2.c:
    java.util.HashMap frameUpdates -> h
    float coonection -> j
    com.esotericsoftware.kryonet.Client client -> a
    com.mygdx.tanks2d.MainGame mg -> c
    com.mygdx.tanks2d.ClientNetWork.NetworkPacketStock networkPacketStock -> f
    boolean key_coonection -> k
    int myIdConnect -> d
    com.mygdx.tanks2d.ClientNetWork.ClientThread clientThread -> i
    boolean onLine -> b
    java.util.TreeMap otherPlayer -> g
    com.mygdx.tanks2d.ClientNetWork.RouterSM routerSM -> e
    float access$002(float) -> a
    boolean access$102(boolean) -> b
    boolean checkConnect(int) -> c
    com.esotericsoftware.kryonet.Client getClient() -> d
    com.mygdx.tanks2d.ClientNetWork.NetworkPacketStock getNetworkPacketStock() -> e
    com.mygdx.tanks2d.ClientNetWork.VoiceChat.VoiceChatClient getVoiceChatClient() -> f
    void reconectClienNewThred() -> g
    void router(java.lang.Object) -> h
    void setMyIdConnect(int) -> i
    void upDateClient() -> j
...
com.badlogic.gdx.utils.Scaling$3 -> p0.i0$c:
    com.badlogic.gdx.math.Vector2 apply(float,float,float,float) -> a
com.badlogic.gdx.utils.Scaling$4 -> p0.i0$d:
    com.badlogic.gdx.math.Vector2 apply(float,float,float,float) -> a
com.badlogic.gdx.utils.Scaling$5 -> p0.i0$e:
    com.badlogic.gdx.math.Vector2 apply(float,float,float,float) -> a
com.badlogic.gdx.utils.Scaling$6 -> p0.i0$f:
    com.badlogic.gdx.math.Vector2 apply(float,float,float,float) -> a
com.badlogic.gdx.utils.Scaling$7 -> p0.i0$g:
    com.badlogic.gdx.math.Vector2 apply(float,float,float,float) -> a
com.badlogic.gdx.utils.Scaling$8 -> p0.i0$h:
    com.badlogic.gdx.math.Vector2 apply(float,float,float,float) -> a
com.badlogic.gdx.utils.SerializationException -> p0.j0:
    com.badlogic.gdx.utils.StringBuilder trace -> a
    void addTrace(java.lang.String) -> a
com.badlogic.gdx.utils.SharedLibraryLoader -> p0.k0:
    boolean isIos -> e
    boolean isAndroid -> f
    java.lang.String nativesJar -> a
    boolean isARM -> g
    boolean is64Bit -> h
    boolean isWindows -> b
    boolean isLinux -> c
    boolean isMac -> d
    java.util.HashSet loadedLibraries -> i
    java.lang.String crc(java.io.InputStream) -> a
    java.io.File extractFile(java.lang.String,java.lang.String,java.io.File) -> b
    boolean isLoaded(java.lang.String) -> c
    void load(java.lang.String) -> d
    java.lang.Throwable loadFile(java.lang.String,java.lang.String,java.io.File) -> e
    void loadFile(java.lang.String) -> f
    java.lang.String mapLibraryName(java.lang.String) -> g
    java.io.InputStream readFile(java.lang.String) -> h
    void setLoaded(java.lang.String) -> i
com.badlogic.gdx.utils.ShortArray -> p0.l0:
    short[] items -> a
    int size -> b
    boolean ordered -> c
    void add(short) -> a
    void clear() -> b
    short[] ensureCapacity(int) -> c
    short removeIndex(int) -> d
    short[] resize(int) -> e
    short[] toArray() -> f
com.badlogic.gdx.utils.SnapshotArray -> p0.m0:
    java.lang.Object[] snapshot -> e
    int snapshots -> g
    java.lang.Object[] recycled -> f
    void truncate(int) -> A
    java.lang.Object[] begin() -> C
    void end() -> D
    void modified() -> E
    void insert(int,java.lang.Object) -> p
    java.lang.Object pop() -> s
    java.lang.Object removeIndex(int) -> t
    void removeRange(int,int) -> u
    boolean removeValue(java.lang.Object,boolean) -> v
    void set(int,java.lang.Object) -> x
    void sort() -> y
com.badlogic.gdx.utils.Sort -> p0.n0:
    com.badlogic.gdx.utils.TimSort timSort -> a
    com.badlogic.gdx.utils.Sort instance -> c
    com.badlogic.gdx.utils.ComparableTimSort comparableTimSort -> b
    com.badlogic.gdx.utils.Sort instance() -> a
    void sort(java.lang.Object[],int,int) -> b
    void sort(java.lang.Object[],java.util.Comparator,int,int) -> c
com.badlogic.gdx.utils.StreamUtils -> p0.o0:
    byte[] EMPTY_BYTES -> a
    void closeQuietly(java.io.Closeable) -> a
    void copyStream(java.io.InputStream,java.io.OutputStream) -> b
    void copyStream(java.io.InputStream,java.io.OutputStream,byte[]) -> c
    byte[] copyStreamToByteArray(java.io.InputStream,int) -> d
com.badlogic.gdx.utils.StreamUtils$OptimizedByteArrayOutputStream -> p0.o0$a: