android/build/outputs/mapping/release/usage.txt
com.mygdx.tanks2d.Assets.AssetsManagerGame:
    public com.badlogic.gdx.assets.AssetManager getAssetManager()
    public float getProgress(com.badlogic.gdx.assets.AssetManager)
    public final com.badlogic.gdx.assets.AssetManager unloadAllAsset(com.badlogic.gdx.assets.AssetManager)
com.mygdx.tanks2d.AudioEngine.AudioEngine:
    java.util.concurrent.ConcurrentHashMap stepCounter
    private static float countVolmeDistantion(com.badlogic.gdx.math.Vector2,com.badlogic.gdx.math.Vector2)
    public void pleySoundKickStick()
    public void pleySoundKickStick(float)
com.mygdx.tanks2d.BuildConfig
com.mygdx.tanks2d.CameraGame:
    private com.badlogic.gdx.math.Vector2 speed
    public void setCamera(com.badlogic.gdx.graphics.OrthographicCamera)
    public void updateCamera()
    public void zoomCamera()
com.mygdx.tanks2d.ClientNetWork.ClientThread:
    public com.esotericsoftware.kryonet.Client getClient()
    public void setClient(com.esotericsoftware.kryonet.Client)
    public void setVoiceChatClient(com.mygdx.tanks2d.ClientNetWork.VoiceChat.VoiceChatClient)
com.mygdx.tanks2d.ClientNetWork.Client_new_Thred
com.mygdx.tanks2d.ClientNetWork.Heading_type:
    public static final int BLUE_COMMAND
    public static final int BUTTON_STARTGAME
    public static final int CHANGE_THE_SCREEN
    public static final int DEATH_TANK
    public static final java.lang.String DEFULT_NAME
    public static final int DISCONECT_PLAYER
    public static final int EXIT_IN_MATH_GAME_PLAYER
    public static final int HP_PLAYER
    public static final int IN_GAME
    public static final int IN_MENU
    public static final int LIFE_TANK
    public static final int MY_COMMAND
    public static final int MY_NIK
    public static final int MY_PARAMETERS
    public static final int MY_SHOT
    public static final int MY_TOKKEN
    public static final int PARAMETERS_COMMAND
    public static final int PARAMETERS_MAP
    public static final int PARAMETERS_MATH
    public static final int PARAMETERS_PLAYER
    public static final int PAUSE_GAME
    public static final int PLAY_GAME
    public static final int RED_COMMAND
    public static final int RESPOWN_TANK_PLAYER
    public static final int SHELL_RUPTURE
    public static final float SHOT_LIFETIME
    public static final int STATUS_GAME
    public void <init>()
com.mygdx.tanks2d.ClientNetWork.MainClient:
    public float aplphaConnect
    private com.mygdx.tanks2d.ClientNetWork.VoiceChat.VoiceChatClient voiceChatClient
    public int getMyIdConnect()
    public boolean isOnLine()
    private void startClient()
com.mygdx.tanks2d.ClientNetWork.Network$StockMessInClient:
    java.lang.Integer nomerPlayer
    public float p1
    public float p2
    public float p3
    public float p4
    public java.lang.String textM
    public int tip
com.mygdx.tanks2d.ClientNetWork.Network$statusPlayer
com.mygdx.tanks2d.ClientNetWork.Network:
    public static final java.lang.String host
    public static final int tcpPort
    public static final int udpPort
    public void <init>()
com.mygdx.tanks2d.ClientNetWork.NetworkPacketStock:
    public void toSendMYParameters(int)
    public void toSendMyCommand(int)
    public void toSendMyNik()
com.mygdx.tanks2d.ClientNetWork.PacketModel
com.mygdx.tanks2d.ClientNetWork.RouterSM:
    private void mainMenuParametors(float)
com.mygdx.tanks2d.ClientNetWork.ServiceClient:
    public void <init>()
com.mygdx.tanks2d.ClientNetWork.VoiceChat.VoiceChatClient$3$1
com.mygdx.tanks2d.ClientNetWork.VoiceChat.VoiceChatClient$3
com.mygdx.tanks2d.ClientNetWork.VoiceChat.VoiceChatClient:
    private static final int DEFAULT_SAMPLE_RATE
    public void <init>(com.esotericsoftware.kryo.Kryo,int)
    public void addReceiver(com.esotericsoftware.kryonet.Server)
    public int getRecommendedBufferSize()
com.mygdx.tanks2d.ClientNetWork.VoiceChat.VoiceChatServer
com.mygdx.tanks2d.Locations.Collision.BoxCollision:
    com.badlogic.gdx.math.Vector2 get_vector2_from_center(int,int)
...
com.badlogic.gdx.Net$Protocol
com.badlogic.gdx.Net:
    public abstract void cancelHttpRequest(com.badlogic.gdx.Net$HttpRequest)
    public abstract com.badlogic.gdx.net.Socket newClientSocket(com.badlogic.gdx.Net$Protocol,java.lang.String,int,com.badlogic.gdx.net.SocketHints)
    public abstract com.badlogic.gdx.net.ServerSocket newServerSocket(com.badlogic.gdx.Net$Protocol,int,com.badlogic.gdx.net.ServerSocketHints)
    public abstract com.badlogic.gdx.net.ServerSocket newServerSocket(com.badlogic.gdx.Net$Protocol,java.lang.String,int,com.badlogic.gdx.net.ServerSocketHints)
    public abstract boolean openURI(java.lang.String)
    public abstract void sendHttpRequest(com.badlogic.gdx.Net$HttpRequest,com.badlogic.gdx.Net$HttpResponseListener)
com.badlogic.gdx.Preferences:
    public abstract void clear()
    public abstract java.util.Map get()
    public abstract boolean getBoolean(java.lang.String)
    public abstract boolean getBoolean(java.lang.String,boolean)
    public abstract float getFloat(java.lang.String)
    public abstract float getFloat(java.lang.String,float)
    public abstract int getInteger(java.lang.String)
    public abstract int getInteger(java.lang.String,int)
    public abstract long getLong(java.lang.String)
    public abstract long getLong(java.lang.String,long)
    public abstract com.badlogic.gdx.Preferences put(java.util.Map)
    public abstract com.badlogic.gdx.Preferences putBoolean(java.lang.String,boolean)
    public abstract com.badlogic.gdx.Preferences putFloat(java.lang.String,float)
    public abstract com.badlogic.gdx.Preferences putInteger(java.lang.String,int)
    public abstract com.badlogic.gdx.Preferences putLong(java.lang.String,long)
    public abstract void remove(java.lang.String)
com.badlogic.gdx.ScreenAdapter
com.badlogic.gdx.Version
com.badlogic.gdx.assets.AssetManager:
    public synchronized boolean contains(java.lang.String)
    public synchronized boolean contains(java.lang.String,java.lang.Class)
    public synchronized boolean containsAsset(java.lang.Object)
    public java.lang.Object finishLoadingAsset(com.badlogic.gdx.assets.AssetDescriptor)
    public java.lang.Object finishLoadingAsset(java.lang.String)
    public synchronized java.lang.Object get(com.badlogic.gdx.assets.AssetDescriptor)
    public synchronized com.badlogic.gdx.utils.Array getAll(java.lang.Class,com.badlogic.gdx.utils.Array)
    public synchronized com.badlogic.gdx.utils.Array getAssetNames()
    public synchronized java.lang.Class getAssetType(java.lang.String)
    public synchronized java.lang.String getDiagnostics()
    public com.badlogic.gdx.assets.loaders.FileHandleResolver getFileHandleResolver()
    public synchronized int getLoadedAssets()
    public com.badlogic.gdx.assets.loaders.AssetLoader getLoader(java.lang.Class)
    public synchronized float getProgress()
    public synchronized int getQueuedAssets()
    public synchronized boolean isFinished()
    public synchronized boolean isLoaded(com.badlogic.gdx.assets.AssetDescriptor)
    public synchronized void load(com.badlogic.gdx.assets.AssetDescriptor)
    public synchronized void setErrorListener(com.badlogic.gdx.assets.AssetErrorListener)
    public void setLogger(com.badlogic.gdx.utils.Logger)
    public boolean update(int)
com.badlogic.gdx.assets.loaders.I18NBundleLoader$I18NBundleParameter:
    public void <init>(java.util.Locale)